0 info it worked if it ends with ok
1 verbose cli [ '/usr/local/bin/node',
1 verbose cli   '/usr/local/bin/npm',
1 verbose cli   'install',
1 verbose cli   'param-express' ]
2 info using npm@1.3.11
3 info using node@v0.10.21
4 warn package.json express-params@0.0.3 No repository field.
5 verbose readDependencies using package.json deps
6 verbose cache add [ 'param-express', null ]
7 verbose cache add name=undefined spec="param-express" args=["param-express",null]
8 verbose parsed url { protocol: null,
8 verbose parsed url   slashes: null,
8 verbose parsed url   auth: null,
8 verbose parsed url   host: null,
8 verbose parsed url   port: null,
8 verbose parsed url   hostname: null,
8 verbose parsed url   hash: null,
8 verbose parsed url   search: null,
8 verbose parsed url   query: null,
8 verbose parsed url   pathname: 'param-express',
8 verbose parsed url   path: 'param-express',
8 verbose parsed url   href: 'param-express' }
9 silly lockFile 2e66cd80-param-express param-express
10 verbose lock param-express /home/umarus/.npm/2e66cd80-param-express.lock
11 silly lockFile 2e66cd80-param-express param-express
12 silly lockFile 2e66cd80-param-express param-express
13 verbose addNamed [ 'param-express', '' ]
14 verbose addNamed [ null, '*' ]
15 silly lockFile ea98dced-param-express param-express@
16 verbose lock param-express@ /home/umarus/.npm/ea98dced-param-express.lock
17 silly addNameRange { name: 'param-express', range: '*', hasData: false }
18 verbose url raw param-express
19 verbose url resolving [ 'https://registry.npmjs.org/', './param-express' ]
20 verbose url resolved https://registry.npmjs.org/param-express
21 info trying registry request attempt 1 at 17:35:21
22 http GET https://registry.npmjs.org/param-express
23 http 404 https://registry.npmjs.org/param-express
24 silly registry.get cb [ 404,
24 silly registry.get   { server: 'CouchDB/1.5.0 (Erlang OTP/R15B03)',
24 silly registry.get     date: 'Thu, 28 Nov 2013 16:35:22 GMT',
24 silly registry.get     'content-type': 'application/json',
24 silly registry.get     'content-length': '52',
24 silly registry.get     'cache-control': 'must-revalidate' } ]
25 silly lockFile ea98dced-param-express param-express@
26 silly lockFile ea98dced-param-express param-express@
27 error 404 'param-express' is not in the npm registry.
27 error 404 You should bug the author to publish it
27 error 404
27 error 404 Note that you can also install from a
27 error 404 tarball, folder, or http url, or git url.
28 error System Linux 3.8.0-26-generic
29 error command "/usr/local/bin/node" "/usr/local/bin/npm" "install" "param-express"
30 error cwd /home/umarus/sora
31 error node -v v0.10.21
32 error npm -v 1.3.11
33 error code E404
34 verbose exit [ 1, true ]
